# JRE version: Java(TM) SE Runtime Environment (8.0_05-b13) (build 1.8.0_05-b13)
# Java VM: Java HotSpot(TM) 64-Bit Server VM (25.5-b02 mixed mode windows-amd64 compressed oops)
Heap:
 PSYoungGen      total 44544K, used 9667K [0x00000000eab00000, 0x00000000ef600000, 0x0000000100000000)
  eden space 14336K, 15% used [0x00000000eab00000,0x00000000ead22370,0x00000000eb900000)
  from space 30208K, 24% used [0x00000000ed880000,0x00000000edfce8c0,0x00000000ef600000)
  to   space 31232K, 0% used [0x00000000eb900000,0x00000000eb900000,0x00000000ed780000)
 ParOldGen       total 25088K, used 24643K [0x00000000c0000000, 0x00000000c1880000, 0x00000000eab00000)
  object space 25088K, 98% used [0x00000000c0000000,0x00000000c1810c78,0x00000000c1880000)
 Metaspace       used 44351K, capacity 45374K, committed 45568K, reserved 1089536K
  class space    used 6090K, capacity 6355K, committed 6400K, reserved 1048576K
GC Heap History (10 events):
Event: 65.396 GC heap before
{Heap before GC invocations=75 (full 4):
 PSYoungGen      total 37888K, used 34155K [0x00000000eab00000, 0x00000000ef180000, 0x0000000100000000)
  eden space 12800K, 100% used [0x00000000eab00000,0x00000000eb780000,0x00000000eb780000)
  from space 25088K, 85% used [0x00000000ed300000,0x00000000ee7dad98,0x00000000eeb80000)
  to   space 28160K, 0% used [0x00000000eb780000,0x00000000eb780000,0x00000000ed300000)
 ParOldGen       total 25088K, used 18007K [0x00000000c0000000, 0x00000000c1880000, 0x00000000eab00000)
  object space 25088K, 71% used [0x00000000c0000000,0x00000000c1195e50,0x00000000c1880000)
 Metaspace       used 42187K, capacity 43056K, committed 43264K, reserved 1087488K
  class space    used 5856K, capacity 6067K, committed 6144K, reserved 1048576K
Event: 65.458 GC heap after
Heap after GC invocations=75 (full 4):
 PSYoungGen      total 40960K, used 21308K [0x00000000eab00000, 0x00000000ef280000, 0x0000000100000000)
  eden space 12800K, 0% used [0x00000000eab00000,0x00000000eab00000,0x00000000eb780000)
  from space 28160K, 75% used [0x00000000eb780000,0x00000000ecc4f310,0x00000000ed300000)
  to   space 29696K, 0% used [0x00000000ed580000,0x00000000ed580000,0x00000000ef280000)
 ParOldGen       total 25088K, used 18895K [0x00000000c0000000, 0x00000000c1880000, 0x00000000eab00000)
  object space 25088K, 75% used [0x00000000c0000000,0x00000000c1273e50,0x00000000c1880000)
 Metaspace       used 42187K, capacity 43056K, committed 43264K, reserved 1087488K
  class space    used 5856K, capacity 6067K, committed 6144K, reserved 1048576K
}
Event: 71.891 GC heap before
{Heap before GC invocations=76 (full 4):
 PSYoungGen      total 40960K, used 34108K [0x00000000eab00000, 0x00000000ef280000, 0x0000000100000000)
  eden space 12800K, 100% used [0x00000000eab00000,0x00000000eb780000,0x00000000eb780000)
  from space 28160K, 75% used [0x00000000eb780000,0x00000000ecc4f310,0x00000000ed300000)
  to   space 29696K, 0% used [0x00000000ed580000,0x00000000ed580000,0x00000000ef280000)
 ParOldGen       total 25088K, used 18895K [0x00000000c0000000, 0x00000000c1880000, 0x00000000eab00000)
  object space 25088K, 75% used [0x00000000c0000000,0x00000000c1273e50,0x00000000c1880000)
 Metaspace       used 43888K, capacity 44790K, committed 45056K, reserved 1087488K
  class space    used 6046K, capacity 6294K, committed 6400K, reserved 1048576K
Event: 71.951 GC heap after
Heap after GC invocations=76 (full 4):
 PSYoungGen      total 41984K, used 21308K [0x00000000eab00000, 0x00000000ef580000, 0x0000000100000000)
  eden space 12288K, 0% used [0x00000000eab00000,0x00000000eab00000,0x00000000eb700000)
  from space 29696K, 71% used [0x00000000ed580000,0x00000000eea4f2f0,0x00000000ef280000)
  to   space 31232K, 0% used [0x00000000eb700000,0x00000000eb700000,0x00000000ed580000)
 ParOldGen       total 25088K, used 19915K [0x00000000c0000000, 0x00000000c1880000, 0x00000000eab00000)
  object space 25088K, 79% used [0x00000000c0000000,0x00000000c1372e60,0x00000000c1880000)
 Metaspace       used 43888K, capacity 44790K, committed 45056K, reserved 1087488K
  class space    used 6046K, capacity 6294K, committed 6400K, reserved 1048576K
}
Event: 74.938 GC heap before
{Heap before GC invocations=77 (full 4):
 PSYoungGen      total 41984K, used 33596K [0x00000000eab00000, 0x00000000ef580000, 0x0000000100000000)
  eden space 12288K, 100% used [0x00000000eab00000,0x00000000eb700000,0x00000000eb700000)
  from space 29696K, 71% used [0x00000000ed580000,0x00000000eea4f2f0,0x00000000ef280000)
  to   space 31232K, 0% used [0x00000000eb700000,0x00000000eb700000,0x00000000ed580000)
 ParOldGen       total 25088K, used 19915K [0x00000000c0000000, 0x00000000c1880000, 0x00000000eab00000)
  object space 25088K, 79% used [0x00000000c0000000,0x00000000c1372e60,0x00000000c1880000)
 Metaspace       used 43956K, capacity 44854K, committed 45056K, reserved 1087488K
  class space    used 6047K, capacity 6294K, committed 6400K, reserved 1048576K
Event: 74.968 GC heap after
Heap after GC invocations=77 (full 4):
 PSYoungGen      total 43520K, used 20115K [0x00000000eab00000, 0x00000000ef700000, 0x0000000100000000)
  eden space 12288K, 0% used [0x00000000eab00000,0x00000000eab00000,0x00000000eb700000)
  from space 31232K, 64% used [0x00000000eb700000,0x00000000ecaa4cb0,0x00000000ed580000)
  to   space 32256K, 0% used [0x00000000ed780000,0x00000000ed780000,0x00000000ef700000)
 ParOldGen       total 25088K, used 21145K [0x00000000c0000000, 0x00000000c1880000, 0x00000000eab00000)
  object space 25088K, 84% used [0x00000000c0000000,0x00000000c14a6490,0x00000000c1880000)
 Metaspace       used 43956K, capacity 44854K, committed 45056K, reserved 1087488K
  class space    used 6047K, capacity 6294K, committed 6400K, reserved 1048576K
}
Event: 77.435 GC heap before
{Heap before GC invocations=78 (full 4):
 PSYoungGen      total 43520K, used 32403K [0x00000000eab00000, 0x00000000ef700000, 0x0000000100000000)
  eden space 12288K, 100% used [0x00000000eab00000,0x00000000eb700000,0x00000000eb700000)
  from space 31232K, 64% used [0x00000000eb700000,0x00000000ecaa4cb0,0x00000000ed580000)
  to   space 32256K, 0% used [0x00000000ed780000,0x00000000ed780000,0x00000000ef700000)
 ParOldGen       total 25088K, used 21145K [0x00000000c0000000, 0x00000000c1880000, 0x00000000eab00000)
  object space 25088K, 84% used [0x00000000c0000000,0x00000000c14a6490,0x00000000c1880000)
 Metaspace       used 44003K, capacity 44918K, committed 45312K, reserved 1087488K
  class space    used 6047K, capacity 6294K, committed 6400K, reserved 1048576K
Event: 77.485 GC heap after
Heap after GC invocations=78 (full 4):
 PSYoungGen      total 45568K, used 19449K [0x00000000eab00000, 0x00000000ef700000, 0x0000000100000000)
  eden space 13312K, 0% used [0x00000000eab00000,0x00000000eab00000,0x00000000eb800000)
  from space 32256K, 60% used [0x00000000ed780000,0x00000000eea7e580,0x00000000ef700000)
  to   space 32256K, 0% used [0x00000000eb800000,0x00000000eb800000,0x00000000ed780000)
 ParOldGen       total 25088K, used 21935K [0x00000000c0000000, 0x00000000c1880000, 0x00000000eab00000)
  object space 25088K, 87% used [0x00000000c0000000,0x00000000c156bc00,0x00000000c1880000)
 Metaspace       used 44003K, capacity 44918K, committed 45312K, reserved 1087488K
  class space    used 6047K, capacity 6294K, committed 6400K, reserved 1048576K
}
Event: 79.998 GC heap before
{Heap before GC invocations=79 (full 4):
 PSYoungGen      total 45568K, used 32761K [0x00000000eab00000, 0x00000000ef700000, 0x0000000100000000)
  eden space 13312K, 100% used [0x00000000eab00000,0x00000000eb800000,0x00000000eb800000)
  from space 32256K, 60% used [0x00000000ed780000,0x00000000eea7e580,0x00000000ef700000)
  to   space 32256K, 0% used [0x00000000eb800000,0x00000000eb800000,0x00000000ed780000)
 ParOldGen       total 25088K, used 21935K [0x00000000c0000000, 0x00000000c1880000, 0x00000000eab00000)
  object space 25088K, 87% used [0x00000000c0000000,0x00000000c156bc00,0x00000000c1880000)
 Metaspace       used 44031K, capacity 44918K, committed 45312K, reserved 1087488K
  class space    used 6047K, capacity 6294K, committed 6400K, reserved 1048576K
Event: 80.024 GC heap after
Heap after GC invocations=79 (full 4):
 PSYoungGen      total 45568K, used 18921K [0x00000000eab00000, 0x00000000ef800000, 0x0000000100000000)
  eden space 13312K, 0% used [0x00000000eab00000,0x00000000eab00000,0x00000000eb800000)
  from space 32256K, 58% used [0x00000000eb800000,0x00000000eca7a550,0x00000000ed780000)
  to   space 32256K, 0% used [0x00000000ed880000,0x00000000ed880000,0x00000000ef800000)
 ParOldGen       total 25088K, used 22635K [0x00000000c0000000, 0x00000000c1880000, 0x00000000eab00000)
  object space 25088K, 90% used [0x00000000c0000000,0x00000000c161ac10,0x00000000c1880000)
 Metaspace       used 44031K, capacity 44918K, committed 45312K, reserved 1087488K
  class space    used 6047K, capacity 6294K, committed 6400K, reserved 1048576K
}

